<?xml version="1.0" encoding="UTF-8"?>
<testsuite xmlns:xsi="http://www.w3.org/2001/XMLSchema-instance" xsi:noNamespaceSchemaLocation="https://maven.apache.org/surefire/maven-surefire-plugin/xsd/surefire-test-report.xsd" name="com.student.tests.CrudTest" time="6.241" tests="2" errors="0" skipped="0" failures="0">
  <properties>
[...]
</properties>
  <testcase name="createNewStudent" classname="com.student.tests.CrudTest" time="4.63"/>
  <testcase name="getStudentList" classname="com.student.tests.CrudTest" time="0"/>
</testsuite>